Using pre-set license
Built from '2020.3/staging' branch; Version is '2020.3.6f1 (338bb68529b2) revision 3378102'; Using compiler version '192528614'; Build Type 'Release'
OS: 'Windows 10 Pro; OS build 19042.868; Version 2009; 64bit' Language: 'en' Physical Memory: 16335 MB
BatchMode: 1, IsHumanControllingUs: 0, StartBugReporterOnCrash: 0, Is64bit: 1, IsPro: 0

 COMMAND LINE ARGUMENTS:
C:\Program Files\Unity\Hub\Editor\2020.3.6f1\Editor\Unity.exe
-adb2
-batchMode
-noUpm
-name
AssetImportWorker0
-projectPath
C:/Users/Martin/Documents/GitHub/zLajaGoBRRRRR
-logFile
Logs/AssetImportWorker0.log
-srvPort
1054
Successfully changed project path to: C:/Users/Martin/Documents/GitHub/zLajaGoBRRRRR
C:/Users/Martin/Documents/GitHub/zLajaGoBRRRRR
Using Asset Import Pipeline V2.
Refreshing native plugins compatible for Editor in 29.56 ms, found 0 plugins.
Preloading 0 native plugins for Editor in 0.00 ms.
Initialize engine version: 2020.3.6f1 (338bb68529b2)
[Subsystems] Discovering subsystems at path C:/Program Files/Unity/Hub/Editor/2020.3.6f1/Editor/Data/Resources/UnitySubsystems
[Subsystems] Discovering subsystems at path C:/Users/Martin/Documents/GitHub/zLajaGoBRRRRR/Assets
GfxDevice: creating device client; threaded=0
Direct3D:
    Version:  Direct3D 11.0 [level 11.1]
    Renderer: Radeon RX 5500 XT (ID=0x7340)
    Vendor:   
    VRAM:     4055 MB
    Driver:   27.20.21002.112
Initialize mono
Mono path[0] = 'C:/Program Files/Unity/Hub/Editor/2020.3.6f1/Editor/Data/Managed'
Mono path[1] = 'C:/Program Files/Unity/Hub/Editor/2020.3.6f1/Editor/Data/MonoBleedingEdge/lib/mono/unityjit'
Mono config path = 'C:/Program Files/Unity/Hub/Editor/2020.3.6f1/Editor/Data/MonoBleedingEdge/etc'
Using monoOptions --debugger-agent=transport=dt_socket,embedding=1,server=y,suspend=n,address=127.0.0.1:56780
Begin MonoManager ReloadAssembly
Registering precompiled unity dll's ...
Register platform support module: C:/Program Files/Unity/Hub/Editor/2020.3.6f1/Editor/Data/PlaybackEngines/WindowsStandaloneSupport/UnityEditor.WindowsStandalone.Extensions.dll
Registered in 0.002802 seconds.
Native extension for WindowsStandalone target not found
Refreshing native plugins compatible for Editor in 29.03 ms, found 0 plugins.
Preloading 0 native plugins for Editor in 0.00 ms.
Mono: successfully reloaded assembly
- Completed reload, in  1.272 seconds
Platform modules already initialized, skipping
Registering precompiled user dll's ...
Registered in 0.000947 seconds.
Begin MonoManager ReloadAssembly
Native extension for WindowsStandalone target not found
Refreshing native plugins compatible for Editor in 0.25 ms, found 0 plugins.
Preloading 0 native plugins for Editor in 0.00 ms.
Mono: successfully reloaded assembly
- Completed reload, in  0.952 seconds
Platform modules already initialized, skipping
========================================================================
Worker process is ready to serve import requests
Launched and connected shader compiler UnityShaderCompiler.exe after 0.05 seconds
Refreshing native plugins compatible for Editor in 0.26 ms, found 0 plugins.
Preloading 0 native plugins for Editor in 0.00 ms.
Unloading 1306 Unused Serialized files (Serialized files now loaded: 0)
System memory in use before: 69.2 MB.
System memory in use after: 69.3 MB.

Unloading 9 unused Assets to reduce memory usage. Loaded Objects now: 1750.
Total: 1.983000 ms (FindLiveObjects: 0.189200 ms CreateObjectMapping: 0.042800 ms MarkObjects: 1.669600 ms  DeleteObjects: 0.080000 ms)

========================================================================
Received Import Request.
  path: Assets/Meshes/Body.prefab
  artifactKey: Guid(3a2bb53819e8d1645aad4a05c2f82f15) Importer(815301076,1909f56bfc062723c751e8b465ee728b)
Start importing Assets/Meshes/Body.prefab using Guid(3a2bb53819e8d1645aad4a05c2f82f15) Importer(815301076,1909f56bfc062723c751e8b465ee728b)  -> (artifact id: '11d2b8741eeaa1649962ffda7c325f52') in 0.174671 seconds
  Import took 0.179857 seconds .

========================================================================
Received Prepare
Registering precompiled user dll's ...
Registered in 0.001067 seconds.
Begin MonoManager ReloadAssembly
Native extension for WindowsStandalone target not found
Refreshing native plugins compatible for Editor in 0.26 ms, found 0 plugins.
Preloading 0 native plugins for Editor in 0.00 ms.
Mono: successfully reloaded assembly
- Completed reload, in  0.906 seconds
Platform modules already initialized, skipping
Refreshing native plugins compatible for Editor in 0.31 ms, found 0 plugins.
Preloading 0 native plugins for Editor in 0.00 ms.
Unloading 1260 Unused Serialized files (Serialized files now loaded: 0)
System memory in use before: 68.3 MB.
System memory in use after: 68.4 MB.

Unloading 4 unused Assets to reduce memory usage. Loaded Objects now: 1760.
Total: 1.569700 ms (FindLiveObjects: 0.137000 ms CreateObjectMapping: 0.028400 ms MarkObjects: 1.390800 ms  DeleteObjects: 0.012300 ms)

========================================================================
Received Import Request.
  Time since last request: 58.006523 seconds.
  path: Assets/Scenes/Forest.unity
  artifactKey: Guid(9fc0d4010bbf28b4594072e72b8655ab) Importer(815301076,1909f56bfc062723c751e8b465ee728b)
Start importing Assets/Scenes/Forest.unity using Guid(9fc0d4010bbf28b4594072e72b8655ab) Importer(815301076,1909f56bfc062723c751e8b465ee728b)  -> (artifact id: 'ef1e4bd85c8f1e6cdf7b94c14e39164b') in 0.014242 seconds
  Import took 0.018138 seconds .

========================================================================
Received Import Request.
  Time since last request: 115.647738 seconds.
  path: Assets/Scenes/MainMenu.unity
  artifactKey: Guid(22152589de773724fbaac020e6eefb27) Importer(815301076,1909f56bfc062723c751e8b465ee728b)
Start importing Assets/Scenes/MainMenu.unity using Guid(22152589de773724fbaac020e6eefb27) Importer(815301076,1909f56bfc062723c751e8b465ee728b)  -> (artifact id: '30e5d1ad4720af75674f062185c08dff') in 0.003920 seconds
  Import took 0.007964 seconds .

========================================================================
Received Import Request.
  Time since last request: 0.000708 seconds.
  path: Assets/Scenes/MainMenu.unity
  artifactKey: Guid(22152589de773724fbaac020e6eefb27) Importer(815301076,1909f56bfc062723c751e8b465ee728b)
Start importing Assets/Scenes/MainMenu.unity using Guid(22152589de773724fbaac020e6eefb27) Importer(815301076,1909f56bfc062723c751e8b465ee728b)  -> (artifact id: '30e5d1ad4720af75674f062185c08dff') in 0.003196 seconds
  Import took 0.005627 seconds .

========================================================================
Received Prepare
Registering precompiled user dll's ...
Registered in 0.001008 seconds.
Begin MonoManager ReloadAssembly
Native extension for WindowsStandalone target not found
Refreshing native plugins compatible for Editor in 0.24 ms, found 0 plugins.
Preloading 0 native plugins for Editor in 0.00 ms.
Mono: successfully reloaded assembly
- Completed reload, in  0.898 seconds
Platform modules already initialized, skipping
Refreshing native plugins compatible for Editor in 0.25 ms, found 0 plugins.
Preloading 0 native plugins for Editor in 0.00 ms.
Unloading 1260 Unused Serialized files (Serialized files now loaded: 0)
System memory in use before: 68.3 MB.
System memory in use after: 68.4 MB.

Unloading 4 unused Assets to reduce memory usage. Loaded Objects now: 1763.
Total: 1.747400 ms (FindLiveObjects: 0.234700 ms CreateObjectMapping: 0.040800 ms MarkObjects: 1.454900 ms  DeleteObjects: 0.015900 ms)

========================================================================
Received Import Request.
  Time since last request: 200.643123 seconds.
  path: Assets/Scenes/Desert.unity
  artifactKey: Guid(267386bd5fff25646ad00089d4e1061e) Importer(815301076,1909f56bfc062723c751e8b465ee728b)
Start importing Assets/Scenes/Desert.unity using Guid(267386bd5fff25646ad00089d4e1061e) Importer(815301076,1909f56bfc062723c751e8b465ee728b)  -> (artifact id: '23e996760393fef1e414c6979b3fa179') in 0.013227 seconds
  Import took 0.017123 seconds .

========================================================================
Received Prepare
Registering precompiled user dll's ...
Registered in 0.000819 seconds.
Begin MonoManager ReloadAssembly
Native extension for WindowsStandalone target not found
Refreshing native plugins compatible for Editor in 0.24 ms, found 0 plugins.
Preloading 0 native plugins for Editor in 0.00 ms.
Mono: successfully reloaded assembly
- Completed reload, in  0.868 seconds
Platform modules already initialized, skipping
Refreshing native plugins compatible for Editor in 0.25 ms, found 0 plugins.
Preloading 0 native plugins for Editor in 0.00 ms.
Unloading 1260 Unused Serialized files (Serialized files now loaded: 0)
System memory in use before: 68.3 MB.
System memory in use after: 68.4 MB.

Unloading 4 unused Assets to reduce memory usage. Loaded Objects now: 1766.
Total: 1.579200 ms (FindLiveObjects: 0.133900 ms CreateObjectMapping: 0.029500 ms MarkObjects: 1.403000 ms  DeleteObjects: 0.011400 ms)

========================================================================
Received Prepare
Registering precompiled user dll's ...
Registered in 0.000948 seconds.
Begin MonoManager ReloadAssembly
Native extension for WindowsStandalone target not found
Refreshing native plugins compatible for Editor in 0.35 ms, found 0 plugins.
Preloading 0 native plugins for Editor in 0.00 ms.
Mono: successfully reloaded assembly
- Completed reload, in  0.881 seconds
Platform modules already initialized, skipping
Refreshing native plugins compatible for Editor in 0.35 ms, found 0 plugins.
Preloading 0 native plugins for Editor in 0.00 ms.
Unloading 1260 Unused Serialized files (Serialized files now loaded: 0)
System memory in use before: 68.3 MB.
System memory in use after: 68.5 MB.

Unloading 4 unused Assets to reduce memory usage. Loaded Objects now: 1769.
Total: 1.737200 ms (FindLiveObjects: 0.242100 ms CreateObjectMapping: 0.042300 ms MarkObjects: 1.438200 ms  DeleteObjects: 0.012700 ms)

========================================================================
Received Prepare
Registering precompiled user dll's ...
Registered in 0.001047 seconds.
Begin MonoManager ReloadAssembly
Native extension for WindowsStandalone target not found
Refreshing native plugins compatible for Editor in 0.24 ms, found 0 plugins.
Preloading 0 native plugins for Editor in 0.00 ms.
Mono: successfully reloaded assembly
- Completed reload, in  0.928 seconds
Platform modules already initialized, skipping
Refreshing native plugins compatible for Editor in 0.31 ms, found 0 plugins.
Preloading 0 native plugins for Editor in 0.00 ms.
Unloading 1260 Unused Serialized files (Serialized files now loaded: 0)
System memory in use before: 68.4 MB.
System memory in use after: 68.5 MB.

Unloading 4 unused Assets to reduce memory usage. Loaded Objects now: 1772.
Total: 2.134900 ms (FindLiveObjects: 0.139900 ms CreateObjectMapping: 0.029100 ms MarkObjects: 1.950300 ms  DeleteObjects: 0.014200 ms)

========================================================================
Received Prepare
Registering precompiled user dll's ...
Registered in 0.000941 seconds.
Begin MonoManager ReloadAssembly
Native extension for WindowsStandalone target not found
Refreshing native plugins compatible for Editor in 0.27 ms, found 0 plugins.
Preloading 0 native plugins for Editor in 0.00 ms.
Mono: successfully reloaded assembly
- Completed reload, in  0.874 seconds
Platform modules already initialized, skipping
Refreshing native plugins compatible for Editor in 0.35 ms, found 0 plugins.
Preloading 0 native plugins for Editor in 0.00 ms.
Unloading 1260 Unused Serialized files (Serialized files now loaded: 0)
System memory in use before: 68.4 MB.
System memory in use after: 68.5 MB.

Unloading 4 unused Assets to reduce memory usage. Loaded Objects now: 1775.
Total: 1.762000 ms (FindLiveObjects: 0.147500 ms CreateObjectMapping: 0.030100 ms MarkObjects: 1.569400 ms  DeleteObjects: 0.013900 ms)

========================================================================
Received Import Request.
  Time since last request: 201.589574 seconds.
  path: Assets/Scenes/Desert.unity
  artifactKey: Guid(267386bd5fff25646ad00089d4e1061e) Importer(815301076,1909f56bfc062723c751e8b465ee728b)
Start importing Assets/Scenes/Desert.unity using Guid(267386bd5fff25646ad00089d4e1061e) Importer(815301076,1909f56bfc062723c751e8b465ee728b)  -> (artifact id: '38ec7cf34b41eb5f7461cdb312a651cc') in 0.011786 seconds
  Import took 0.019062 seconds .

========================================================================
Received Import Request.
  Time since last request: 0.000242 seconds.
  path: Assets/Scenes/Forest.unity
  artifactKey: Guid(9fc0d4010bbf28b4594072e72b8655ab) Importer(815301076,1909f56bfc062723c751e8b465ee728b)
Start importing Assets/Scenes/Forest.unity using Guid(9fc0d4010bbf28b4594072e72b8655ab) Importer(815301076,1909f56bfc062723c751e8b465ee728b)  -> (artifact id: 'cf8af935cfe94e58483e5860ec2394c4') in 0.003053 seconds
  Import took 0.006146 seconds .

========================================================================
Received Prepare
Registering precompiled user dll's ...
Registered in 0.000984 seconds.
Begin MonoManager ReloadAssembly
Native extension for WindowsStandalone target not found
Refreshing native plugins compatible for Editor in 0.26 ms, found 0 plugins.
Preloading 0 native plugins for Editor in 0.00 ms.
Mono: successfully reloaded assembly
- Completed reload, in  0.915 seconds
Platform modules already initialized, skipping
Refreshing native plugins compatible for Editor in 0.39 ms, found 0 plugins.
Preloading 0 native plugins for Editor in 0.00 ms.
Unloading 1260 Unused Serialized files (Serialized files now loaded: 0)
System memory in use before: 68.4 MB.
System memory in use after: 68.5 MB.

Unloading 4 unused Assets to reduce memory usage. Loaded Objects now: 1778.
Total: 1.774600 ms (FindLiveObjects: 0.150800 ms CreateObjectMapping: 0.030200 ms MarkObjects: 1.577000 ms  DeleteObjects: 0.015400 ms)

========================================================================
Received Import Request.
  Time since last request: 33.084117 seconds.
  path: Assets/Scenes/Icy.unity
  artifactKey: Guid(644a338f91cacca4c9bed9798fd04dc5) Importer(815301076,1909f56bfc062723c751e8b465ee728b)
Start importing Assets/Scenes/Icy.unity using Guid(644a338f91cacca4c9bed9798fd04dc5) Importer(815301076,1909f56bfc062723c751e8b465ee728b)  -> (artifact id: '19835cedd15e150ca3b0c18c99e70356') in 0.013024 seconds
  Import took 0.015953 seconds .

========================================================================
Received Import Request.
  Time since last request: 48.865976 seconds.
  path: Assets/Scenes/MainMenu.unity
  artifactKey: Guid(22152589de773724fbaac020e6eefb27) Importer(815301076,1909f56bfc062723c751e8b465ee728b)
Start importing Assets/Scenes/MainMenu.unity using Guid(22152589de773724fbaac020e6eefb27) Importer(815301076,1909f56bfc062723c751e8b465ee728b)  -> (artifact id: '2dbffac968c4a4c57778bf8e58135b75') in 0.003093 seconds
  Import took 0.006390 seconds .

========================================================================
Received Import Request.
  Time since last request: 0.011241 seconds.
  path: Assets/Scenes/MainMenu.unity
  artifactKey: Guid(22152589de773724fbaac020e6eefb27) Importer(815301076,1909f56bfc062723c751e8b465ee728b)
Start importing Assets/Scenes/MainMenu.unity using Guid(22152589de773724fbaac020e6eefb27) Importer(815301076,1909f56bfc062723c751e8b465ee728b)  -> (artifact id: '2dbffac968c4a4c57778bf8e58135b75') in 0.003144 seconds
  Import took 0.005349 seconds .

========================================================================
Received Prepare
Registering precompiled user dll's ...
Registered in 0.000849 seconds.
Begin MonoManager ReloadAssembly
Native extension for WindowsStandalone target not found
Refreshing native plugins compatible for Editor in 0.25 ms, found 0 plugins.
Preloading 0 native plugins for Editor in 0.00 ms.
Mono: successfully reloaded assembly
- Completed reload, in  0.871 seconds
Platform modules already initialized, skipping
Refreshing native plugins compatible for Editor in 0.24 ms, found 0 plugins.
Preloading 0 native plugins for Editor in 0.00 ms.
Unloading 1260 Unused Serialized files (Serialized files now loaded: 0)
System memory in use before: 68.4 MB.
System memory in use after: 68.5 MB.

Unloading 4 unused Assets to reduce memory usage. Loaded Objects now: 1781.
Total: 1.629000 ms (FindLiveObjects: 0.171400 ms CreateObjectMapping: 0.037800 ms MarkObjects: 1.405800 ms  DeleteObjects: 0.013200 ms)

========================================================================
Received Import Request.
  Time since last request: 17.666842 seconds.
  path: Assets/Scenes/Forest.unity
  artifactKey: Guid(9fc0d4010bbf28b4594072e72b8655ab) Importer(815301076,1909f56bfc062723c751e8b465ee728b)
Start importing Assets/Scenes/Forest.unity using Guid(9fc0d4010bbf28b4594072e72b8655ab) Importer(815301076,1909f56bfc062723c751e8b465ee728b)  -> (artifact id: 'e07c7a54d82143f757d06ad2e46cc7ba') in 0.012087 seconds
  Import took 0.014467 seconds .

========================================================================
Received Import Request.
  Time since last request: 2.436142 seconds.
  path: Assets/Scenes/Icy.unity
  artifactKey: Guid(644a338f91cacca4c9bed9798fd04dc5) Importer(815301076,1909f56bfc062723c751e8b465ee728b)
Start importing Assets/Scenes/Icy.unity using Guid(644a338f91cacca4c9bed9798fd04dc5) Importer(815301076,1909f56bfc062723c751e8b465ee728b)  -> (artifact id: 'fa381de181976b62b7582ba713654e8b') in 0.003291 seconds
  Import took 0.015519 seconds .

========================================================================
Received Import Request.
  Time since last request: 309.332742 seconds.
  path: Assets/Scripts/controllsbutton.cs
  artifactKey: Guid(99af4d5db394ad24e8c23b52fb096d8f) Importer(815301076,1909f56bfc062723c751e8b465ee728b)
Start importing Assets/Scripts/controllsbutton.cs using Guid(99af4d5db394ad24e8c23b52fb096d8f) Importer(815301076,1909f56bfc062723c751e8b465ee728b)  -> (artifact id: '88ac989df3ceb70a1ab7f9caa013f639') in 0.048715 seconds
  Import took 0.052986 seconds .

========================================================================
Received Prepare
Registering precompiled user dll's ...
Registered in 0.000873 seconds.
Begin MonoManager ReloadAssembly
Native extension for WindowsStandalone target not found
Refreshing native plugins compatible for Editor in 0.25 ms, found 0 plugins.
Preloading 0 native plugins for Editor in 0.00 ms.
Mono: successfully reloaded assembly
- Completed reload, in  0.892 seconds
Platform modules already initialized, skipping
Refreshing native plugins compatible for Editor in 0.25 ms, found 0 plugins.
Preloading 0 native plugins for Editor in 0.00 ms.
Unloading 1260 Unused Serialized files (Serialized files now loaded: 0)
System memory in use before: 68.4 MB.
System memory in use after: 68.5 MB.

Unloading 4 unused Assets to reduce memory usage. Loaded Objects now: 1784.
Total: 1.550200 ms (FindLiveObjects: 0.136200 ms CreateObjectMapping: 0.029700 ms MarkObjects: 1.372300 ms  DeleteObjects: 0.011100 ms)

========================================================================
Received Import Request.
  Time since last request: 68.159420 seconds.
  path: Assets/Scripts/controllsbutton.cs
  artifactKey: Guid(99af4d5db394ad24e8c23b52fb096d8f) Importer(815301076,1909f56bfc062723c751e8b465ee728b)
Start importing Assets/Scripts/controllsbutton.cs using Guid(99af4d5db394ad24e8c23b52fb096d8f) Importer(815301076,1909f56bfc062723c751e8b465ee728b)  -> (artifact id: '19f2a963e17f2e9d67aca3f58232425d') in 0.004663 seconds
  Import took 0.006762 seconds .

========================================================================
Received Prepare
Registering precompiled user dll's ...
Registered in 0.000871 seconds.
Begin MonoManager ReloadAssembly
Native extension for WindowsStandalone target not found
Refreshing native plugins compatible for Editor in 0.24 ms, found 0 plugins.
Preloading 0 native plugins for Editor in 0.00 ms.
Mono: successfully reloaded assembly
- Completed reload, in  0.881 seconds
Platform modules already initialized, skipping
Refreshing native plugins compatible for Editor in 0.25 ms, found 0 plugins.
Preloading 0 native plugins for Editor in 0.00 ms.
Unloading 1260 Unused Serialized files (Serialized files now loaded: 0)
System memory in use before: 68.4 MB.
System memory in use after: 68.5 MB.

Unloading 4 unused Assets to reduce memory usage. Loaded Objects now: 1787.
Total: 1.874200 ms (FindLiveObjects: 0.233700 ms CreateObjectMapping: 0.031300 ms MarkObjects: 1.593500 ms  DeleteObjects: 0.014200 ms)

========================================================================
Received Import Request.
  Time since last request: 65.596765 seconds.
  path: Assets/Scripts/controllsbutton.cs
  artifactKey: Guid(99af4d5db394ad24e8c23b52fb096d8f) Importer(815301076,1909f56bfc062723c751e8b465ee728b)
Start importing Assets/Scripts/controllsbutton.cs using Guid(99af4d5db394ad24e8c23b52fb096d8f) Importer(815301076,1909f56bfc062723c751e8b465ee728b)  -> (artifact id: '76ecb52677c7a6e6fb847d235e882abe') in 0.005739 seconds
  Import took 0.009771 seconds .

========================================================================
Received Import Request.
  Time since last request: 0.081418 seconds.
  path: Assets/Scripts/controllsbutton.cs
  artifactKey: Guid(99af4d5db394ad24e8c23b52fb096d8f) Importer(815301076,1909f56bfc062723c751e8b465ee728b)
Start importing Assets/Scripts/controllsbutton.cs using Guid(99af4d5db394ad24e8c23b52fb096d8f) Importer(815301076,1909f56bfc062723c751e8b465ee728b)  -> (artifact id: '76ecb52677c7a6e6fb847d235e882abe') in 0.003638 seconds
  Import took 0.006557 seconds .

========================================================================
Received Prepare
Registering precompiled user dll's ...
Registered in 0.000893 seconds.
Begin MonoManager ReloadAssembly
Native extension for WindowsStandalone target not found
Refreshing native plugins compatible for Editor in 0.25 ms, found 0 plugins.
Preloading 0 native plugins for Editor in 0.00 ms.
Mono: successfully reloaded assembly
- Completed reload, in  0.903 seconds
Platform modules already initialized, skipping
Refreshing native plugins compatible for Editor in 0.26 ms, found 0 plugins.
Preloading 0 native plugins for Editor in 0.00 ms.
Unloading 1260 Unused Serialized files (Serialized files now loaded: 0)
System memory in use before: 68.4 MB.
System memory in use after: 68.5 MB.

Unloading 4 unused Assets to reduce memory usage. Loaded Objects now: 1790.
Total: 1.654000 ms (FindLiveObjects: 0.184000 ms CreateObjectMapping: 0.038500 ms MarkObjects: 1.416500 ms  DeleteObjects: 0.014100 ms)

========================================================================
Received Prepare
Registering precompiled user dll's ...
Registered in 0.001314 seconds.
Begin MonoManager ReloadAssembly
Native extension for WindowsStandalone target not found
Refreshing native plugins compatible for Editor in 0.34 ms, found 0 plugins.
Preloading 0 native plugins for Editor in 0.00 ms.
Mono: successfully reloaded assembly
- Completed reload, in  1.018 seconds
Platform modules already initialized, skipping
Refreshing native plugins compatible for Editor in 0.38 ms, found 0 plugins.
Preloading 0 native plugins for Editor in 0.00 ms.
Unloading 1260 Unused Serialized files (Serialized files now loaded: 0)
System memory in use before: 68.4 MB.
System memory in use after: 68.5 MB.

Unloading 4 unused Assets to reduce memory usage. Loaded Objects now: 1793.
Total: 2.359700 ms (FindLiveObjects: 0.241700 ms CreateObjectMapping: 0.060400 ms MarkObjects: 2.039900 ms  DeleteObjects: 0.015600 ms)

========================================================================
Received Prepare
Registering precompiled user dll's ...
Registered in 0.000910 seconds.
Begin MonoManager ReloadAssembly
Native extension for WindowsStandalone target not found
Refreshing native plugins compatible for Editor in 0.38 ms, found 0 plugins.
Preloading 0 native plugins for Editor in 0.00 ms.
Mono: successfully reloaded assembly
- Completed reload, in  1.015 seconds
Platform modules already initialized, skipping
Refreshing native plugins compatible for Editor in 0.33 ms, found 0 plugins.
Preloading 0 native plugins for Editor in 0.00 ms.
Unloading 1260 Unused Serialized files (Serialized files now loaded: 0)
System memory in use before: 68.4 MB.
System memory in use after: 68.5 MB.

Unloading 4 unused Assets to reduce memory usage. Loaded Objects now: 1796.
Total: 1.956200 ms (FindLiveObjects: 0.206400 ms CreateObjectMapping: 0.038000 ms MarkObjects: 1.695900 ms  DeleteObjects: 0.014600 ms)

========================================================================
Received Prepare
Registering precompiled user dll's ...
Registered in 0.000879 seconds.
Begin MonoManager ReloadAssembly
Native extension for WindowsStandalone target not found
Refreshing native plugins compatible for Editor in 0.30 ms, found 0 plugins.
Preloading 0 native plugins for Editor in 0.00 ms.
Mono: successfully reloaded assembly
- Completed reload, in  0.906 seconds
Platform modules already initialized, skipping
Refreshing native plugins compatible for Editor in 0.35 ms, found 0 plugins.
Preloading 0 native plugins for Editor in 0.00 ms.
Unloading 1260 Unused Serialized files (Serialized files now loaded: 0)
System memory in use before: 68.4 MB.
System memory in use after: 68.5 MB.

Unloading 4 unused Assets to reduce memory usage. Loaded Objects now: 1799.
Total: 1.827700 ms (FindLiveObjects: 0.159800 ms CreateObjectMapping: 0.031800 ms MarkObjects: 1.621000 ms  DeleteObjects: 0.013700 ms)

========================================================================
Received Prepare
Registering precompiled user dll's ...
Registered in 0.000885 seconds.
Begin MonoManager ReloadAssembly
Native extension for WindowsStandalone target not found
Refreshing native plugins compatible for Editor in 0.35 ms, found 0 plugins.
Preloading 0 native plugins for Editor in 0.00 ms.
Mono: successfully reloaded assembly
- Completed reload, in  0.907 seconds
Platform modules already initialized, skipping
Refreshing native plugins compatible for Editor in 0.38 ms, found 0 plugins.
Preloading 0 native plugins for Editor in 0.00 ms.
Unloading 1260 Unused Serialized files (Serialized files now loaded: 0)
System memory in use before: 68.4 MB.
System memory in use after: 68.5 MB.

Unloading 4 unused Assets to reduce memory usage. Loaded Objects now: 1802.
Total: 1.599200 ms (FindLiveObjects: 0.144200 ms CreateObjectMapping: 0.029200 ms MarkObjects: 1.412300 ms  DeleteObjects: 0.012500 ms)

========================================================================
Received Import Request.
  Time since last request: 354.781547 seconds.
  path: Assets/Scenes/MainMenu.unity
  artifactKey: Guid(22152589de773724fbaac020e6eefb27) Importer(815301076,1909f56bfc062723c751e8b465ee728b)
Start importing Assets/Scenes/MainMenu.unity using Guid(22152589de773724fbaac020e6eefb27) Importer(815301076,1909f56bfc062723c751e8b465ee728b)  -> (artifact id: '7be73ebbd0c3a3d362b8342d3580541e') in 0.012686 seconds
  Import took 0.017054 seconds .

========================================================================
Received Import Request.
  Time since last request: 0.000976 seconds.
  path: Assets/Scenes/MainMenu.unity
  artifactKey: Guid(22152589de773724fbaac020e6eefb27) Importer(815301076,1909f56bfc062723c751e8b465ee728b)
Start importing Assets/Scenes/MainMenu.unity using Guid(22152589de773724fbaac020e6eefb27) Importer(815301076,1909f56bfc062723c751e8b465ee728b)  -> (artifact id: '7be73ebbd0c3a3d362b8342d3580541e') in 0.003201 seconds
  Import took 0.005628 seconds .

========================================================================
Received Prepare
Registering precompiled user dll's ...
Registered in 0.001145 seconds.
Begin MonoManager ReloadAssembly
Native extension for WindowsStandalone target not found
Refreshing native plugins compatible for Editor in 0.26 ms, found 0 plugins.
Preloading 0 native plugins for Editor in 0.00 ms.
Mono: successfully reloaded assembly
- Completed reload, in  0.899 seconds
Platform modules already initialized, skipping
Refreshing native plugins compatible for Editor in 0.27 ms, found 0 plugins.
Preloading 0 native plugins for Editor in 0.00 ms.
Unloading 1260 Unused Serialized files (Serialized files now loaded: 0)
System memory in use before: 68.5 MB.
System memory in use after: 68.6 MB.

Unloading 4 unused Assets to reduce memory usage. Loaded Objects now: 1805.
Total: 1.875900 ms (FindLiveObjects: 0.153800 ms CreateObjectMapping: 0.029000 ms MarkObjects: 1.671100 ms  DeleteObjects: 0.020500 ms)

AssetImportWorkerClient::OnTransportError - code=2 error=End of file
