Using pre-set license
Built from '2020.3/staging' branch; Version is '2020.3.6f1 (338bb68529b2) revision 3378102'; Using compiler version '192528614'; Build Type 'Release'
OS: 'Windows 10 Home; OS build 19041.985; Version 2004; 64bit' Language: 'sr' Physical Memory: 10187 MB
BatchMode: 1, IsHumanControllingUs: 0, StartBugReporterOnCrash: 0, Is64bit: 1, IsPro: 0

 COMMAND LINE ARGUMENTS:
C:\Program Files\Unity\Hub\Editor\2020.3.6f1\Editor\Unity.exe
-adb2
-batchMode
-noUpm
-name
AssetImportWorker1
-projectPath
C:/Users/franm/OneDrive/Dokumenti/GitHub/zLajaGoBRRRRR
-logFile
Logs/AssetImportWorker1.log
-srvPort
54352
Successfully changed project path to: C:/Users/franm/OneDrive/Dokumenti/GitHub/zLajaGoBRRRRR
C:/Users/franm/OneDrive/Dokumenti/GitHub/zLajaGoBRRRRR
Using Asset Import Pipeline V2.
Refreshing native plugins compatible for Editor in 149.17 ms, found 0 plugins.
Preloading 0 native plugins for Editor in 0.00 ms.
Initialize engine version: 2020.3.6f1 (338bb68529b2)
[Subsystems] Discovering subsystems at path C:/Program Files/Unity/Hub/Editor/2020.3.6f1/Editor/Data/Resources/UnitySubsystems
[Subsystems] Discovering subsystems at path C:/Users/franm/OneDrive/Dokumenti/GitHub/zLajaGoBRRRRR/Assets
GfxDevice: creating device client; threaded=0
Direct3D:
    Version:  Direct3D 11.0 [level 11.1]
    Renderer: AMD Radeon(TM) Vega 8 Graphics (ID=0x15d8)
    Vendor:   
    VRAM:     5093 MB
    Driver:   27.20.11044.5003
Initialize mono
Mono path[0] = 'C:/Program Files/Unity/Hub/Editor/2020.3.6f1/Editor/Data/Managed'
Mono path[1] = 'C:/Program Files/Unity/Hub/Editor/2020.3.6f1/Editor/Data/MonoBleedingEdge/lib/mono/unityjit'
Mono config path = 'C:/Program Files/Unity/Hub/Editor/2020.3.6f1/Editor/Data/MonoBleedingEdge/etc'
Using monoOptions --debugger-agent=transport=dt_socket,embedding=1,server=y,suspend=n,address=127.0.0.1:56484
Begin MonoManager ReloadAssembly
Registering precompiled unity dll's ...
Register platform support module: C:/Program Files/Unity/Hub/Editor/2020.3.6f1/Editor/Data/PlaybackEngines/WebGLSupport/UnityEditor.WebGL.Extensions.dll
Register platform support module: C:/Program Files/Unity/Hub/Editor/2020.3.6f1/Editor/Data/PlaybackEngines/WindowsStandaloneSupport/UnityEditor.WindowsStandalone.Extensions.dll
Registered in 0.005565 seconds.
Native extension for WindowsStandalone target not found
Native extension for WebGL target not found
Refreshing native plugins compatible for Editor in 51.55 ms, found 0 plugins.
Preloading 0 native plugins for Editor in 0.00 ms.
Mono: successfully reloaded assembly
- Completed reload, in  3.764 seconds
Platform modules already initialized, skipping
Registering precompiled user dll's ...
Registered in 0.002212 seconds.
Begin MonoManager ReloadAssembly
Native extension for WindowsStandalone target not found
Native extension for WebGL target not found
Refreshing native plugins compatible for Editor in 0.66 ms, found 0 plugins.
Preloading 0 native plugins for Editor in 0.00 ms.
Mono: successfully reloaded assembly
- Completed reload, in  2.472 seconds
Platform modules already initialized, skipping
========================================================================
Worker process is ready to serve import requests
Launched and connected shader compiler UnityShaderCompiler.exe after 0.11 seconds
Refreshing native plugins compatible for Editor in 0.54 ms, found 0 plugins.
Preloading 0 native plugins for Editor in 0.00 ms.
Unloading 1307 Unused Serialized files (Serialized files now loaded: 0)
System memory in use before: 69.5 MB.
System memory in use after: 69.6 MB.

Unloading 9 unused Assets to reduce memory usage. Loaded Objects now: 1751.
Total: 3.410500 ms (FindLiveObjects: 0.434800 ms CreateObjectMapping: 0.209900 ms MarkObjects: 2.644200 ms  DeleteObjects: 0.119600 ms)

========================================================================
Received Import Request.
  path: Assets/Scripts/pauseGame.cs
  artifactKey: Guid(f99c38c25776b0941ac556c251598460) Importer(815301076,1909f56bfc062723c751e8b465ee728b)
Start importing Assets/Scripts/pauseGame.cs using Guid(f99c38c25776b0941ac556c251598460) Importer(815301076,1909f56bfc062723c751e8b465ee728b)  -> (artifact id: '6ee963b149005fb58333baebc5499942') in 0.060767 seconds
  Import took 0.069581 seconds .

========================================================================
Received Import Request.
  Time since last request: 43.448934 seconds.
  path: Assets/Scripts/pauseGame.cs
  artifactKey: Guid(f99c38c25776b0941ac556c251598460) Importer(815301076,1909f56bfc062723c751e8b465ee728b)
Start importing Assets/Scripts/pauseGame.cs using Guid(f99c38c25776b0941ac556c251598460) Importer(815301076,1909f56bfc062723c751e8b465ee728b)  -> (artifact id: 'cf5422b52fd136329d95bf5f4fc3ec0b') in 0.008096 seconds
  Import took 0.015460 seconds .

========================================================================
Received Import Request.
  Time since last request: 0.001205 seconds.
  path: Assets/Scripts/pauseGame.cs
  artifactKey: Guid(f99c38c25776b0941ac556c251598460) Importer(815301076,1909f56bfc062723c751e8b465ee728b)
Start importing Assets/Scripts/pauseGame.cs using Guid(f99c38c25776b0941ac556c251598460) Importer(815301076,1909f56bfc062723c751e8b465ee728b)  -> (artifact id: 'cf5422b52fd136329d95bf5f4fc3ec0b') in 0.005268 seconds
  Import took 0.011771 seconds .

========================================================================
Received Import Request.
  Time since last request: 96.912792 seconds.
  path: Assets/Scripts/pauseGame.cs
  artifactKey: Guid(f99c38c25776b0941ac556c251598460) Importer(815301076,1909f56bfc062723c751e8b465ee728b)
Start importing Assets/Scripts/pauseGame.cs using Guid(f99c38c25776b0941ac556c251598460) Importer(815301076,1909f56bfc062723c751e8b465ee728b)  -> (artifact id: '88cdc43b5ed0604983d6e43311b31452') in 0.005699 seconds
  Import took 0.014550 seconds .

========================================================================
Received Import Request.
  Time since last request: 0.001740 seconds.
  path: Assets/Scripts/pauseGame.cs
  artifactKey: Guid(f99c38c25776b0941ac556c251598460) Importer(815301076,1909f56bfc062723c751e8b465ee728b)
Start importing Assets/Scripts/pauseGame.cs using Guid(f99c38c25776b0941ac556c251598460) Importer(815301076,1909f56bfc062723c751e8b465ee728b)  -> (artifact id: '88cdc43b5ed0604983d6e43311b31452') in 0.004496 seconds
  Import took 0.011354 seconds .

========================================================================
Received Import Request.
  Time since last request: 29.944898 seconds.
  path: Assets/Scripts/pauseGame.cs
  artifactKey: Guid(f99c38c25776b0941ac556c251598460) Importer(815301076,1909f56bfc062723c751e8b465ee728b)
Start importing Assets/Scripts/pauseGame.cs using Guid(f99c38c25776b0941ac556c251598460) Importer(815301076,1909f56bfc062723c751e8b465ee728b)  -> (artifact id: '94d04841a4575178d9f798d152e3dac4') in 0.005425 seconds
  Import took 0.015799 seconds .

========================================================================
Received Import Request.
  Time since last request: 0.005280 seconds.
  path: Assets/Scripts/pauseGame.cs
  artifactKey: Guid(f99c38c25776b0941ac556c251598460) Importer(815301076,1909f56bfc062723c751e8b465ee728b)
Start importing Assets/Scripts/pauseGame.cs using Guid(f99c38c25776b0941ac556c251598460) Importer(815301076,1909f56bfc062723c751e8b465ee728b)  -> (artifact id: '94d04841a4575178d9f798d152e3dac4') in 0.004947 seconds
  Import took 0.011096 seconds .

========================================================================
Received Prepare
Registering precompiled user dll's ...
Registered in 0.001847 seconds.
Begin MonoManager ReloadAssembly
Native extension for WindowsStandalone target not found
Native extension for WebGL target not found
Refreshing native plugins compatible for Editor in 0.40 ms, found 0 plugins.
Preloading 0 native plugins for Editor in 0.00 ms.
Mono: successfully reloaded assembly
- Completed reload, in  1.609 seconds
Platform modules already initialized, skipping
Refreshing native plugins compatible for Editor in 0.40 ms, found 0 plugins.
Preloading 0 native plugins for Editor in 0.00 ms.
Unloading 1261 Unused Serialized files (Serialized files now loaded: 0)
System memory in use before: 65.5 MB.
System memory in use after: 65.6 MB.

Unloading 4 unused Assets to reduce memory usage. Loaded Objects now: 1754.
Total: 2.843700 ms (FindLiveObjects: 0.258700 ms CreateObjectMapping: 0.110600 ms MarkObjects: 2.447300 ms  DeleteObjects: 0.024500 ms)

========================================================================
Received Prepare
Registering precompiled user dll's ...
Registered in 0.002487 seconds.
Begin MonoManager ReloadAssembly
Native extension for WindowsStandalone target not found
Native extension for WebGL target not found
Refreshing native plugins compatible for Editor in 0.51 ms, found 0 plugins.
Preloading 0 native plugins for Editor in 0.00 ms.
Mono: successfully reloaded assembly
- Completed reload, in  1.739 seconds
Platform modules already initialized, skipping
Refreshing native plugins compatible for Editor in 0.59 ms, found 0 plugins.
Preloading 0 native plugins for Editor in 0.00 ms.
Unloading 1261 Unused Serialized files (Serialized files now loaded: 0)
System memory in use before: 65.5 MB.
System memory in use after: 65.6 MB.

Unloading 4 unused Assets to reduce memory usage. Loaded Objects now: 1757.
Total: 3.953300 ms (FindLiveObjects: 0.626500 ms CreateObjectMapping: 0.272600 ms MarkObjects: 3.029600 ms  DeleteObjects: 0.021700 ms)

========================================================================
Received Import Request.
  Time since last request: 92.785639 seconds.
  path: Assets/Scripts/pauseGame.cs
  artifactKey: Guid(f99c38c25776b0941ac556c251598460) Importer(815301076,1909f56bfc062723c751e8b465ee728b)
Start importing Assets/Scripts/pauseGame.cs using Guid(f99c38c25776b0941ac556c251598460) Importer(815301076,1909f56bfc062723c751e8b465ee728b)  -> (artifact id: '024e53f054ce960337446d317f09ceb2') in 0.012249 seconds
  Import took 0.020091 seconds .

========================================================================
Received Prepare
Registering precompiled user dll's ...
Registered in 0.001785 seconds.
Begin MonoManager ReloadAssembly
Native extension for WindowsStandalone target not found
Native extension for WebGL target not found
Refreshing native plugins compatible for Editor in 0.46 ms, found 0 plugins.
Preloading 0 native plugins for Editor in 0.00 ms.
Mono: successfully reloaded assembly
- Completed reload, in  1.267 seconds
Platform modules already initialized, skipping
Refreshing native plugins compatible for Editor in 0.34 ms, found 0 plugins.
Preloading 0 native plugins for Editor in 0.00 ms.
Unloading 1261 Unused Serialized files (Serialized files now loaded: 0)
System memory in use before: 65.5 MB.
System memory in use after: 65.6 MB.

Unloading 4 unused Assets to reduce memory usage. Loaded Objects now: 1760.
Total: 3.705900 ms (FindLiveObjects: 0.403900 ms CreateObjectMapping: 0.113500 ms MarkObjects: 3.163000 ms  DeleteObjects: 0.022500 ms)

========================================================================
Received Import Request.
  Time since last request: 129.033964 seconds.
  path: Assets/Scripts/pauseGame.cs
  artifactKey: Guid(f99c38c25776b0941ac556c251598460) Importer(815301076,1909f56bfc062723c751e8b465ee728b)
Start importing Assets/Scripts/pauseGame.cs using Guid(f99c38c25776b0941ac556c251598460) Importer(815301076,1909f56bfc062723c751e8b465ee728b)  -> (artifact id: '071b50d5c4e2181ea838b9cc9c659dc7') in 0.008768 seconds
  Import took 0.014868 seconds .

========================================================================
Received Import Request.
  Time since last request: 46.656705 seconds.
  path: Assets/Audio
  artifactKey: Guid(14d5ac6fb8f6775489e6a92675bf5365) Importer(815301076,1909f56bfc062723c751e8b465ee728b)
Start importing Assets/Audio using Guid(14d5ac6fb8f6775489e6a92675bf5365) Importer(815301076,1909f56bfc062723c751e8b465ee728b)  -> (artifact id: 'f56f953ff0fe666fe0d49ac97c0ed82e') in 0.014061 seconds
  Import took 0.021473 seconds .

========================================================================
Received Import Request.
  Time since last request: 0.003587 seconds.
  path: Assets/Audio
  artifactKey: Guid(14d5ac6fb8f6775489e6a92675bf5365) Importer(815301076,1909f56bfc062723c751e8b465ee728b)
Start importing Assets/Audio using Guid(14d5ac6fb8f6775489e6a92675bf5365) Importer(815301076,1909f56bfc062723c751e8b465ee728b)  -> (artifact id: 'f56f953ff0fe666fe0d49ac97c0ed82e') in 0.004797 seconds
  Import took 0.011248 seconds .

========================================================================
Received Import Request.
  Time since last request: 0.809686 seconds.
  path: Assets/Audio/Terraria Soundtrack 01 - Overworld Day.mp3
  artifactKey: Guid(4692138c435e8f947ab9561454215795) Importer(815301076,1909f56bfc062723c751e8b465ee728b)
Start importing Assets/Audio/Terraria Soundtrack 01 - Overworld Day.mp3 using Guid(4692138c435e8f947ab9561454215795) Importer(815301076,1909f56bfc062723c751e8b465ee728b)  -> (artifact id: 'abda858569bbe2ef6323e6487e2bf90b') in 0.182858 seconds
  Import took 0.189988 seconds .

========================================================================
Received Import Request.
  Time since last request: 0.000282 seconds.
  path: Assets/Audio/zapsplat_multimedia_button_click_007_53868.mp3
  artifactKey: Guid(9f8880298fff2d04cb82a571598bcbda) Importer(815301076,1909f56bfc062723c751e8b465ee728b)
Start importing Assets/Audio/zapsplat_multimedia_button_click_007_53868.mp3 using Guid(9f8880298fff2d04cb82a571598bcbda) Importer(815301076,1909f56bfc062723c751e8b465ee728b)  -> (artifact id: '6650ed8c593bdf599a551f8774b58e5a') in 0.033518 seconds
  Import took 0.040278 seconds .

========================================================================
Received Prepare
Registering precompiled user dll's ...
Registered in 0.001271 seconds.
Begin MonoManager ReloadAssembly
Native extension for WindowsStandalone target not found
Native extension for WebGL target not found
Refreshing native plugins compatible for Editor in 0.64 ms, found 0 plugins.
Preloading 0 native plugins for Editor in 0.00 ms.
Mono: successfully reloaded assembly
- Completed reload, in  1.352 seconds
Platform modules already initialized, skipping
Refreshing native plugins compatible for Editor in 0.55 ms, found 0 plugins.
Preloading 0 native plugins for Editor in 0.00 ms.
Unloading 1261 Unused Serialized files (Serialized files now loaded: 0)
System memory in use before: 68.7 MB.
System memory in use after: 68.8 MB.

Unloading 4 unused Assets to reduce memory usage. Loaded Objects now: 1772.
Total: 4.081900 ms (FindLiveObjects: 0.512900 ms CreateObjectMapping: 0.163300 ms MarkObjects: 3.366200 ms  DeleteObjects: 0.035500 ms)

========================================================================
Received Prepare
Registering precompiled user dll's ...
Registered in 0.001759 seconds.
Begin MonoManager ReloadAssembly
Native extension for WindowsStandalone target not found
Native extension for WebGL target not found
Refreshing native plugins compatible for Editor in 0.37 ms, found 0 plugins.
Preloading 0 native plugins for Editor in 0.00 ms.
Mono: successfully reloaded assembly
- Completed reload, in  1.217 seconds
Platform modules already initialized, skipping
Refreshing native plugins compatible for Editor in 0.38 ms, found 0 plugins.
Preloading 0 native plugins for Editor in 0.00 ms.
Unloading 1261 Unused Serialized files (Serialized files now loaded: 0)
System memory in use before: 68.7 MB.
System memory in use after: 68.8 MB.

Unloading 4 unused Assets to reduce memory usage. Loaded Objects now: 1775.
Total: 3.549000 ms (FindLiveObjects: 0.313200 ms CreateObjectMapping: 0.073500 ms MarkObjects: 3.138200 ms  DeleteObjects: 0.022100 ms)

========================================================================
Received Prepare
Registering precompiled user dll's ...
Registered in 0.001641 seconds.
Begin MonoManager ReloadAssembly
Native extension for WindowsStandalone target not found
Native extension for WebGL target not found
Refreshing native plugins compatible for Editor in 0.46 ms, found 0 plugins.
Preloading 0 native plugins for Editor in 0.00 ms.
Mono: successfully reloaded assembly
- Completed reload, in  1.212 seconds
Platform modules already initialized, skipping
Refreshing native plugins compatible for Editor in 0.34 ms, found 0 plugins.
Preloading 0 native plugins for Editor in 0.00 ms.
Unloading 1261 Unused Serialized files (Serialized files now loaded: 0)
System memory in use before: 68.7 MB.
System memory in use after: 68.8 MB.

Unloading 4 unused Assets to reduce memory usage. Loaded Objects now: 1778.
Total: 2.461900 ms (FindLiveObjects: 0.227000 ms CreateObjectMapping: 0.044100 ms MarkObjects: 2.167900 ms  DeleteObjects: 0.021000 ms)

========================================================================
Received Prepare
Registering precompiled user dll's ...
Registered in 0.001153 seconds.
Begin MonoManager ReloadAssembly
Native extension for WindowsStandalone target not found
Native extension for WebGL target not found
Refreshing native plugins compatible for Editor in 0.46 ms, found 0 plugins.
Preloading 0 native plugins for Editor in 0.00 ms.
Mono: successfully reloaded assembly
- Completed reload, in  1.227 seconds
Platform modules already initialized, skipping
Refreshing native plugins compatible for Editor in 0.38 ms, found 0 plugins.
Preloading 0 native plugins for Editor in 0.00 ms.
Unloading 1261 Unused Serialized files (Serialized files now loaded: 0)
System memory in use before: 68.7 MB.
System memory in use after: 68.8 MB.

Unloading 4 unused Assets to reduce memory usage. Loaded Objects now: 1781.
Total: 2.869800 ms (FindLiveObjects: 0.349600 ms CreateObjectMapping: 0.080700 ms MarkObjects: 2.415700 ms  DeleteObjects: 0.021600 ms)

========================================================================
Received Prepare
Registering precompiled user dll's ...
Registered in 0.001432 seconds.
Begin MonoManager ReloadAssembly
Native extension for WindowsStandalone target not found
Native extension for WebGL target not found
Refreshing native plugins compatible for Editor in 0.41 ms, found 0 plugins.
Preloading 0 native plugins for Editor in 0.00 ms.
Mono: successfully reloaded assembly
- Completed reload, in  1.228 seconds
Platform modules already initialized, skipping
Refreshing native plugins compatible for Editor in 0.45 ms, found 0 plugins.
Preloading 0 native plugins for Editor in 0.00 ms.
Unloading 1261 Unused Serialized files (Serialized files now loaded: 0)
System memory in use before: 68.7 MB.
System memory in use after: 68.8 MB.

Unloading 4 unused Assets to reduce memory usage. Loaded Objects now: 1784.
Total: 3.176300 ms (FindLiveObjects: 0.257300 ms CreateObjectMapping: 0.061500 ms MarkObjects: 2.833000 ms  DeleteObjects: 0.021900 ms)

========================================================================
Received Import Request.
  Time since last request: 365.179065 seconds.
  path: Assets/Scenes/Forest.unity
  artifactKey: Guid(9fc0d4010bbf28b4594072e72b8655ab) Importer(815301076,1909f56bfc062723c751e8b465ee728b)
Start importing Assets/Scenes/Forest.unity using Guid(9fc0d4010bbf28b4594072e72b8655ab) Importer(815301076,1909f56bfc062723c751e8b465ee728b)  -> (artifact id: '0f2c69daf2c3eed0b1f34825d51ddf9a') in 0.025017 seconds
  Import took 0.031443 seconds .

========================================================================
Received Import Request.
  Time since last request: 122.237141 seconds.
  path: Assets/Audio/pausemusic.mp3
  artifactKey: Guid(982c3524e20f796429d07112b221f402) Importer(815301076,1909f56bfc062723c751e8b465ee728b)
Start importing Assets/Audio/pausemusic.mp3 using Guid(982c3524e20f796429d07112b221f402) Importer(815301076,1909f56bfc062723c751e8b465ee728b)  -> (artifact id: 'dcf03041d3f15baf2353ad7ea939897a') in 0.070713 seconds
  Import took 0.077061 seconds .

========================================================================
Received Prepare
Registering precompiled user dll's ...
Registered in 0.001500 seconds.
Begin MonoManager ReloadAssembly
Native extension for WindowsStandalone target not found
Native extension for WebGL target not found
Refreshing native plugins compatible for Editor in 0.56 ms, found 0 plugins.
Preloading 0 native plugins for Editor in 0.00 ms.
Mono: successfully reloaded assembly
- Completed reload, in  1.232 seconds
Platform modules already initialized, skipping
Refreshing native plugins compatible for Editor in 0.39 ms, found 0 plugins.
Preloading 0 native plugins for Editor in 0.00 ms.
Unloading 1261 Unused Serialized files (Serialized files now loaded: 0)
System memory in use before: 68.7 MB.
System memory in use after: 68.8 MB.

Unloading 4 unused Assets to reduce memory usage. Loaded Objects now: 1788.
Total: 4.052900 ms (FindLiveObjects: 0.465300 ms CreateObjectMapping: 0.217400 ms MarkObjects: 3.342900 ms  DeleteObjects: 0.025300 ms)

========================================================================
Received Prepare
Registering precompiled user dll's ...
Registered in 0.001359 seconds.
Begin MonoManager ReloadAssembly
Native extension for WindowsStandalone target not found
Native extension for WebGL target not found
Refreshing native plugins compatible for Editor in 0.47 ms, found 0 plugins.
Preloading 0 native plugins for Editor in 0.00 ms.
Mono: successfully reloaded assembly
- Completed reload, in  1.266 seconds
Platform modules already initialized, skipping
Refreshing native plugins compatible for Editor in 0.42 ms, found 0 plugins.
Preloading 0 native plugins for Editor in 0.00 ms.
Unloading 1261 Unused Serialized files (Serialized files now loaded: 0)
System memory in use before: 68.7 MB.
System memory in use after: 68.8 MB.

Unloading 4 unused Assets to reduce memory usage. Loaded Objects now: 1791.
Total: 2.999200 ms (FindLiveObjects: 0.494500 ms CreateObjectMapping: 0.113900 ms MarkObjects: 2.364300 ms  DeleteObjects: 0.024000 ms)

========================================================================
Received Prepare
Registering precompiled user dll's ...
Registered in 0.001415 seconds.
Begin MonoManager ReloadAssembly
Native extension for WindowsStandalone target not found
Native extension for WebGL target not found
Refreshing native plugins compatible for Editor in 0.50 ms, found 0 plugins.
Preloading 0 native plugins for Editor in 0.00 ms.
Mono: successfully reloaded assembly
- Completed reload, in  1.211 seconds
Platform modules already initialized, skipping
Refreshing native plugins compatible for Editor in 0.37 ms, found 0 plugins.
Preloading 0 native plugins for Editor in 0.00 ms.
Unloading 1261 Unused Serialized files (Serialized files now loaded: 0)
System memory in use before: 68.7 MB.
System memory in use after: 68.8 MB.

Unloading 4 unused Assets to reduce memory usage. Loaded Objects now: 1794.
Total: 2.703800 ms (FindLiveObjects: 0.271500 ms CreateObjectMapping: 0.045800 ms MarkObjects: 2.364100 ms  DeleteObjects: 0.020700 ms)

========================================================================
Received Import Request.
  Time since last request: 326.592397 seconds.
  path: Assets/Scenes/Forest.unity
  artifactKey: Guid(9fc0d4010bbf28b4594072e72b8655ab) Importer(815301076,1909f56bfc062723c751e8b465ee728b)
Start importing Assets/Scenes/Forest.unity using Guid(9fc0d4010bbf28b4594072e72b8655ab) Importer(815301076,1909f56bfc062723c751e8b465ee728b)  -> (artifact id: '9fa1dcf5d2c73789a34bec9f3a62894c') in 0.016213 seconds
  Import took 0.024272 seconds .

========================================================================
Received Import Request.
  Time since last request: 6.562602 seconds.
  path: Assets/Audio/countdown.mp3
  artifactKey: Guid(880f91f013fab8645bc327d713f39e8d) Importer(815301076,1909f56bfc062723c751e8b465ee728b)
Start importing Assets/Audio/countdown.mp3 using Guid(880f91f013fab8645bc327d713f39e8d) Importer(815301076,1909f56bfc062723c751e8b465ee728b)  -> (artifact id: 'cdb66921b124979105fc28489906d157') in 0.068805 seconds
  Import took 0.076390 seconds .

========================================================================
Received Prepare
Registering precompiled user dll's ...
Registered in 0.001190 seconds.
Begin MonoManager ReloadAssembly
Native extension for WindowsStandalone target not found
Native extension for WebGL target not found
Refreshing native plugins compatible for Editor in 0.45 ms, found 0 plugins.
Preloading 0 native plugins for Editor in 0.00 ms.
Mono: successfully reloaded assembly
- Completed reload, in  1.248 seconds
Platform modules already initialized, skipping
Refreshing native plugins compatible for Editor in 0.37 ms, found 0 plugins.
Preloading 0 native plugins for Editor in 0.00 ms.
Unloading 1261 Unused Serialized files (Serialized files now loaded: 0)
System memory in use before: 68.7 MB.
System memory in use after: 68.8 MB.

Unloading 4 unused Assets to reduce memory usage. Loaded Objects now: 1798.
Total: 2.861300 ms (FindLiveObjects: 0.244500 ms CreateObjectMapping: 0.054100 ms MarkObjects: 2.539600 ms  DeleteObjects: 0.021000 ms)

========================================================================
Received Prepare
Registering precompiled user dll's ...
Registered in 0.001162 seconds.
Begin MonoManager ReloadAssembly
Native extension for WindowsStandalone target not found
Native extension for WebGL target not found
Refreshing native plugins compatible for Editor in 0.40 ms, found 0 plugins.
Preloading 0 native plugins for Editor in 0.00 ms.
Mono: successfully reloaded assembly
- Completed reload, in  1.209 seconds
Platform modules already initialized, skipping
Refreshing native plugins compatible for Editor in 0.38 ms, found 0 plugins.
Preloading 0 native plugins for Editor in 0.00 ms.
Unloading 1261 Unused Serialized files (Serialized files now loaded: 0)
System memory in use before: 68.7 MB.
System memory in use after: 68.8 MB.

Unloading 4 unused Assets to reduce memory usage. Loaded Objects now: 1801.
Total: 3.514600 ms (FindLiveObjects: 0.299400 ms CreateObjectMapping: 0.097600 ms MarkObjects: 3.091200 ms  DeleteObjects: 0.023400 ms)

========================================================================
Received Prepare
Registering precompiled user dll's ...
Registered in 0.001248 seconds.
Begin MonoManager ReloadAssembly
Native extension for WindowsStandalone target not found
Native extension for WebGL target not found
Refreshing native plugins compatible for Editor in 0.52 ms, found 0 plugins.
Preloading 0 native plugins for Editor in 0.00 ms.
Mono: successfully reloaded assembly
- Completed reload, in  1.292 seconds
Platform modules already initialized, skipping
Refreshing native plugins compatible for Editor in 0.83 ms, found 0 plugins.
Preloading 0 native plugins for Editor in 0.00 ms.
Unloading 1261 Unused Serialized files (Serialized files now loaded: 0)
System memory in use before: 68.7 MB.
System memory in use after: 68.8 MB.

Unloading 4 unused Assets to reduce memory usage. Loaded Objects now: 1804.
Total: 3.866600 ms (FindLiveObjects: 0.478900 ms CreateObjectMapping: 0.132700 ms MarkObjects: 3.227800 ms  DeleteObjects: 0.025300 ms)

========================================================================
Received Import Request.
  Time since last request: 251.097888 seconds.
  path: Assets/Scripts/time.cs
  artifactKey: Guid(d0f515a5be4d98f468d8ce3ea552cf20) Importer(815301076,1909f56bfc062723c751e8b465ee728b)
Start importing Assets/Scripts/time.cs using Guid(d0f515a5be4d98f468d8ce3ea552cf20) Importer(815301076,1909f56bfc062723c751e8b465ee728b)  -> (artifact id: '5f6be3e6613057fcfbc0a812d83d5d3c') in 0.027433 seconds
  Import took 0.036128 seconds .

========================================================================
Received Import Request.
  Time since last request: 0.013208 seconds.
  path: Assets/Scripts/time.cs
  artifactKey: Guid(d0f515a5be4d98f468d8ce3ea552cf20) Importer(815301076,1909f56bfc062723c751e8b465ee728b)
Start importing Assets/Scripts/time.cs using Guid(d0f515a5be4d98f468d8ce3ea552cf20) Importer(815301076,1909f56bfc062723c751e8b465ee728b)  -> (artifact id: '5f6be3e6613057fcfbc0a812d83d5d3c') in 0.006313 seconds
  Import took 0.013605 seconds .

========================================================================
Received Prepare
Registering precompiled user dll's ...
Registered in 0.001299 seconds.
Begin MonoManager ReloadAssembly
Native extension for WindowsStandalone target not found
Native extension for WebGL target not found
Refreshing native plugins compatible for Editor in 0.54 ms, found 0 plugins.
Preloading 0 native plugins for Editor in 0.00 ms.
Mono: successfully reloaded assembly
- Completed reload, in  1.195 seconds
Platform modules already initialized, skipping
Refreshing native plugins compatible for Editor in 0.35 ms, found 0 plugins.
Preloading 0 native plugins for Editor in 0.00 ms.
Unloading 1261 Unused Serialized files (Serialized files now loaded: 0)
System memory in use before: 68.7 MB.
System memory in use after: 68.8 MB.

Unloading 4 unused Assets to reduce memory usage. Loaded Objects now: 1807.
Total: 2.529700 ms (FindLiveObjects: 0.222300 ms CreateObjectMapping: 0.045900 ms MarkObjects: 2.236900 ms  DeleteObjects: 0.022600 ms)

========================================================================
Received Prepare
Registering precompiled user dll's ...
Registered in 0.001130 seconds.
Begin MonoManager ReloadAssembly
Native extension for WindowsStandalone target not found
Native extension for WebGL target not found
Refreshing native plugins compatible for Editor in 0.36 ms, found 0 plugins.
Preloading 0 native plugins for Editor in 0.00 ms.
Mono: successfully reloaded assembly
- Completed reload, in  1.278 seconds
Platform modules already initialized, skipping
Refreshing native plugins compatible for Editor in 0.36 ms, found 0 plugins.
Preloading 0 native plugins for Editor in 0.00 ms.
Unloading 1261 Unused Serialized files (Serialized files now loaded: 0)
System memory in use before: 68.7 MB.
System memory in use after: 68.8 MB.

Unloading 4 unused Assets to reduce memory usage. Loaded Objects now: 1810.
Total: 2.641900 ms (FindLiveObjects: 0.211000 ms CreateObjectMapping: 0.043200 ms MarkObjects: 2.363300 ms  DeleteObjects: 0.022400 ms)

========================================================================
Received Prepare
Registering precompiled user dll's ...
Registered in 0.001102 seconds.
Begin MonoManager ReloadAssembly
Native extension for WindowsStandalone target not found
Native extension for WebGL target not found
Refreshing native plugins compatible for Editor in 0.48 ms, found 0 plugins.
Preloading 0 native plugins for Editor in 0.00 ms.
Mono: successfully reloaded assembly
- Completed reload, in  1.241 seconds
Platform modules already initialized, skipping
Refreshing native plugins compatible for Editor in 0.37 ms, found 0 plugins.
Preloading 0 native plugins for Editor in 0.00 ms.
Unloading 1261 Unused Serialized files (Serialized files now loaded: 0)
System memory in use before: 68.7 MB.
System memory in use after: 68.8 MB.

Unloading 4 unused Assets to reduce memory usage. Loaded Objects now: 1813.
Total: 3.198000 ms (FindLiveObjects: 0.266500 ms CreateObjectMapping: 0.068900 ms MarkObjects: 2.836300 ms  DeleteObjects: 0.024000 ms)

========================================================================
Received Prepare
Registering precompiled user dll's ...
Registered in 0.001320 seconds.
Begin MonoManager ReloadAssembly
Native extension for WindowsStandalone target not found
Native extension for WebGL target not found
Refreshing native plugins compatible for Editor in 0.36 ms, found 0 plugins.
Preloading 0 native plugins for Editor in 0.00 ms.
Mono: successfully reloaded assembly
- Completed reload, in  1.220 seconds
Platform modules already initialized, skipping
Refreshing native plugins compatible for Editor in 0.37 ms, found 0 plugins.
Preloading 0 native plugins for Editor in 0.00 ms.
Unloading 1261 Unused Serialized files (Serialized files now loaded: 0)
System memory in use before: 68.7 MB.
System memory in use after: 68.9 MB.

Unloading 4 unused Assets to reduce memory usage. Loaded Objects now: 1816.
Total: 3.114200 ms (FindLiveObjects: 0.272800 ms CreateObjectMapping: 0.050300 ms MarkObjects: 2.764200 ms  DeleteObjects: 0.025000 ms)

========================================================================
Received Prepare
Registering precompiled user dll's ...
Registered in 0.001295 seconds.
Begin MonoManager ReloadAssembly
Native extension for WindowsStandalone target not found
Native extension for WebGL target not found
Refreshing native plugins compatible for Editor in 0.48 ms, found 0 plugins.
Preloading 0 native plugins for Editor in 0.00 ms.
Mono: successfully reloaded assembly
- Completed reload, in  1.253 seconds
Platform modules already initialized, skipping
Refreshing native plugins compatible for Editor in 0.36 ms, found 0 plugins.
Preloading 0 native plugins for Editor in 0.00 ms.
Unloading 1261 Unused Serialized files (Serialized files now loaded: 0)
System memory in use before: 68.8 MB.
System memory in use after: 68.9 MB.

Unloading 4 unused Assets to reduce memory usage. Loaded Objects now: 1819.
Total: 3.247600 ms (FindLiveObjects: 0.368100 ms CreateObjectMapping: 0.136100 ms MarkObjects: 2.715800 ms  DeleteObjects: 0.024900 ms)

========================================================================
Received Prepare
Registering precompiled user dll's ...
Registered in 0.001126 seconds.
Begin MonoManager ReloadAssembly
Native extension for WindowsStandalone target not found
Native extension for WebGL target not found
Refreshing native plugins compatible for Editor in 0.46 ms, found 0 plugins.
Preloading 0 native plugins for Editor in 0.00 ms.
Mono: successfully reloaded assembly
- Completed reload, in  1.231 seconds
Platform modules already initialized, skipping
Refreshing native plugins compatible for Editor in 0.44 ms, found 0 plugins.
Preloading 0 native plugins for Editor in 0.00 ms.
Unloading 1261 Unused Serialized files (Serialized files now loaded: 0)
System memory in use before: 68.8 MB.
System memory in use after: 68.9 MB.

Unloading 4 unused Assets to reduce memory usage. Loaded Objects now: 1822.
Total: 3.639300 ms (FindLiveObjects: 0.371400 ms CreateObjectMapping: 0.130900 ms MarkObjects: 3.095900 ms  DeleteObjects: 0.038400 ms)

========================================================================
Received Import Request.
  Time since last request: 551.780245 seconds.
  path: Assets/Scenes/Desert.unity
  artifactKey: Guid(267386bd5fff25646ad00089d4e1061e) Importer(815301076,1909f56bfc062723c751e8b465ee728b)
Start importing Assets/Scenes/Desert.unity using Guid(267386bd5fff25646ad00089d4e1061e) Importer(815301076,1909f56bfc062723c751e8b465ee728b)  -> (artifact id: 'fbb38065d753b1ebda042ba565090ef6') in 0.025491 seconds
  Import took 0.031117 seconds .

========================================================================
Received Import Request.
  Time since last request: 0.845164 seconds.
  path: Assets/Scenes/Forest.unity
  artifactKey: Guid(9fc0d4010bbf28b4594072e72b8655ab) Importer(815301076,1909f56bfc062723c751e8b465ee728b)
Start importing Assets/Scenes/Forest.unity using Guid(9fc0d4010bbf28b4594072e72b8655ab) Importer(815301076,1909f56bfc062723c751e8b465ee728b)  -> (artifact id: 'b3e7ed181e4a8016c3aad8879ce71d5f') in 0.009008 seconds
  Import took 0.017956 seconds .

========================================================================
Received Prepare
Registering precompiled user dll's ...
Registered in 0.001335 seconds.
Begin MonoManager ReloadAssembly
Native extension for WindowsStandalone target not found
Native extension for WebGL target not found
Refreshing native plugins compatible for Editor in 0.33 ms, found 0 plugins.
Preloading 0 native plugins for Editor in 0.00 ms.
Mono: successfully reloaded assembly
- Completed reload, in  1.285 seconds
Platform modules already initialized, skipping
Refreshing native plugins compatible for Editor in 0.45 ms, found 0 plugins.
Preloading 0 native plugins for Editor in 0.00 ms.
Unloading 1261 Unused Serialized files (Serialized files now loaded: 0)
System memory in use before: 68.8 MB.
System memory in use after: 68.9 MB.

Unloading 4 unused Assets to reduce memory usage. Loaded Objects now: 1825.
Total: 3.350900 ms (FindLiveObjects: 0.334300 ms CreateObjectMapping: 0.077800 ms MarkObjects: 2.912200 ms  DeleteObjects: 0.024400 ms)

========================================================================
Received Import Request.
  Time since last request: 22.723793 seconds.
  path: Assets/Scenes/Icy.unity
  artifactKey: Guid(644a338f91cacca4c9bed9798fd04dc5) Importer(815301076,1909f56bfc062723c751e8b465ee728b)
Start importing Assets/Scenes/Icy.unity using Guid(644a338f91cacca4c9bed9798fd04dc5) Importer(815301076,1909f56bfc062723c751e8b465ee728b)  -> (artifact id: 'a16cc75f6d6dda733010772fcf26fc34') in 0.035455 seconds
  Import took 0.042123 seconds .

========================================================================
Received Import Request.
  Time since last request: 14.095930 seconds.
  path: Assets/Scenes/Desert.unity
  artifactKey: Guid(267386bd5fff25646ad00089d4e1061e) Importer(815301076,1909f56bfc062723c751e8b465ee728b)
Start importing Assets/Scenes/Desert.unity using Guid(267386bd5fff25646ad00089d4e1061e) Importer(815301076,1909f56bfc062723c751e8b465ee728b)  -> (artifact id: 'd007c414900c0991e6c6baa30258e9e5') in 0.006850 seconds
  Import took 0.011716 seconds .

========================================================================
Received Import Request.
  Time since last request: 5.849526 seconds.
  path: Assets/Scenes/Icy.unity
  artifactKey: Guid(644a338f91cacca4c9bed9798fd04dc5) Importer(815301076,1909f56bfc062723c751e8b465ee728b)
Start importing Assets/Scenes/Icy.unity using Guid(644a338f91cacca4c9bed9798fd04dc5) Importer(815301076,1909f56bfc062723c751e8b465ee728b)  -> (artifact id: 'b8a3864ff9d30d3caab02f94478d44aa') in 0.007262 seconds
  Import took 0.013490 seconds .

========================================================================
Received Prepare
Registering precompiled user dll's ...
Registered in 0.001122 seconds.
Begin MonoManager ReloadAssembly
Native extension for WindowsStandalone target not found
Native extension for WebGL target not found
Refreshing native plugins compatible for Editor in 0.34 ms, found 0 plugins.
Preloading 0 native plugins for Editor in 0.00 ms.
Mono: successfully reloaded assembly
- Completed reload, in  1.174 seconds
Platform modules already initialized, skipping
Refreshing native plugins compatible for Editor in 0.41 ms, found 0 plugins.
Preloading 0 native plugins for Editor in 0.00 ms.
Unloading 1261 Unused Serialized files (Serialized files now loaded: 0)
System memory in use before: 68.8 MB.
System memory in use after: 68.9 MB.

Unloading 4 unused Assets to reduce memory usage. Loaded Objects now: 1828.
Total: 3.369700 ms (FindLiveObjects: 0.291600 ms CreateObjectMapping: 0.052400 ms MarkObjects: 3.000400 ms  DeleteObjects: 0.022800 ms)

========================================================================
Received Import Request.
  Time since last request: 694.943001 seconds.
  path: Assets/Audio/END OF LEVEL - Gaming Sound Effect HD FREE NO Copyright.mp3
  artifactKey: Guid(1bbd60fa6f803c44dbd655324dd427d9) Importer(815301076,1909f56bfc062723c751e8b465ee728b)
Start importing Assets/Audio/END OF LEVEL - Gaming Sound Effect HD FREE NO Copyright.mp3 using Guid(1bbd60fa6f803c44dbd655324dd427d9) Importer(815301076,1909f56bfc062723c751e8b465ee728b)  -> (artifact id: 'e5416d8dbd2236784d61f3de0368edfc') in 0.081781 seconds
  Import took 0.087895 seconds .

========================================================================
Received Import Request.
  Time since last request: 28.624977 seconds.
  path: Assets/Scripts/CheckpointSystem.cs
  artifactKey: Guid(f38aec09835ad9147badd53a70da20bf) Importer(815301076,1909f56bfc062723c751e8b465ee728b)
Start importing Assets/Scripts/CheckpointSystem.cs using Guid(f38aec09835ad9147badd53a70da20bf) Importer(815301076,1909f56bfc062723c751e8b465ee728b)  -> (artifact id: 'e7927c46a826b505c35a545e19f2a7ef') in 0.014898 seconds
  Import took 0.023529 seconds .

========================================================================
Received Import Request.
  Time since last request: 0.031176 seconds.
  path: Assets/Scripts/CheckpointSystem.cs
  artifactKey: Guid(f38aec09835ad9147badd53a70da20bf) Importer(815301076,1909f56bfc062723c751e8b465ee728b)
Start importing Assets/Scripts/CheckpointSystem.cs using Guid(f38aec09835ad9147badd53a70da20bf) Importer(815301076,1909f56bfc062723c751e8b465ee728b)  -> (artifact id: 'e7927c46a826b505c35a545e19f2a7ef') in 0.004079 seconds
  Import took 0.009361 seconds .

========================================================================
Received Prepare
Registering precompiled user dll's ...
Registered in 0.001503 seconds.
Begin MonoManager ReloadAssembly
Native extension for WindowsStandalone target not found
Native extension for WebGL target not found
Refreshing native plugins compatible for Editor in 0.46 ms, found 0 plugins.
Preloading 0 native plugins for Editor in 0.00 ms.
Mono: successfully reloaded assembly
- Completed reload, in  1.267 seconds
Platform modules already initialized, skipping
Refreshing native plugins compatible for Editor in 0.34 ms, found 0 plugins.
Preloading 0 native plugins for Editor in 0.00 ms.
Unloading 1261 Unused Serialized files (Serialized files now loaded: 0)
System memory in use before: 68.8 MB.
System memory in use after: 68.9 MB.

Unloading 4 unused Assets to reduce memory usage. Loaded Objects now: 1832.
Total: 2.193500 ms (FindLiveObjects: 0.238300 ms CreateObjectMapping: 0.050500 ms MarkObjects: 1.883800 ms  DeleteObjects: 0.019500 ms)

========================================================================
Received Import Request.
  Time since last request: 42.169348 seconds.
  path: Assets/Scripts/CheckpointSystem.cs
  artifactKey: Guid(f38aec09835ad9147badd53a70da20bf) Importer(815301076,1909f56bfc062723c751e8b465ee728b)
Start importing Assets/Scripts/CheckpointSystem.cs using Guid(f38aec09835ad9147badd53a70da20bf) Importer(815301076,1909f56bfc062723c751e8b465ee728b)  -> (artifact id: '5df69a193b0c6221cea5f6f05f7865bc') in 0.007594 seconds
  Import took 0.017443 seconds .

========================================================================
Received Prepare
Registering precompiled user dll's ...
Registered in 0.001212 seconds.
Begin MonoManager ReloadAssembly
Native extension for WindowsStandalone target not found
Native extension for WebGL target not found
Refreshing native plugins compatible for Editor in 0.38 ms, found 0 plugins.
Preloading 0 native plugins for Editor in 0.00 ms.
Mono: successfully reloaded assembly
- Completed reload, in  1.191 seconds
Platform modules already initialized, skipping
Refreshing native plugins compatible for Editor in 0.38 ms, found 0 plugins.
Preloading 0 native plugins for Editor in 0.00 ms.
Unloading 1261 Unused Serialized files (Serialized files now loaded: 0)
System memory in use before: 68.8 MB.
System memory in use after: 68.9 MB.

Unloading 4 unused Assets to reduce memory usage. Loaded Objects now: 1835.
Total: 3.200400 ms (FindLiveObjects: 0.278600 ms CreateObjectMapping: 0.075000 ms MarkObjects: 2.822600 ms  DeleteObjects: 0.021500 ms)

========================================================================
Received Import Request.
  Time since last request: 84.307103 seconds.
  path: Assets/Scripts/CheckpointSystem.cs
  artifactKey: Guid(f38aec09835ad9147badd53a70da20bf) Importer(815301076,1909f56bfc062723c751e8b465ee728b)
Start importing Assets/Scripts/CheckpointSystem.cs using Guid(f38aec09835ad9147badd53a70da20bf) Importer(815301076,1909f56bfc062723c751e8b465ee728b)  -> (artifact id: '8f4e26c4340b942151e3fe3b869ddb22') in 0.009120 seconds
  Import took 0.016565 seconds .

========================================================================
Received Prepare
Registering precompiled user dll's ...
Registered in 0.001314 seconds.
Begin MonoManager ReloadAssembly
Native extension for WindowsStandalone target not found
Native extension for WebGL target not found
Refreshing native plugins compatible for Editor in 0.35 ms, found 0 plugins.
Preloading 0 native plugins for Editor in 0.00 ms.
Mono: successfully reloaded assembly
- Completed reload, in  1.227 seconds
Platform modules already initialized, skipping
Refreshing native plugins compatible for Editor in 0.38 ms, found 0 plugins.
Preloading 0 native plugins for Editor in 0.00 ms.
Unloading 1261 Unused Serialized files (Serialized files now loaded: 0)
System memory in use before: 68.8 MB.
System memory in use after: 68.9 MB.

Unloading 4 unused Assets to reduce memory usage. Loaded Objects now: 1838.
Total: 3.673600 ms (FindLiveObjects: 0.476600 ms CreateObjectMapping: 0.163200 ms MarkObjects: 3.007400 ms  DeleteObjects: 0.024000 ms)

========================================================================
Received Import Request.
  Time since last request: 213.048564 seconds.
  path: Assets/Scenes/Desert.unity
  artifactKey: Guid(267386bd5fff25646ad00089d4e1061e) Importer(815301076,1909f56bfc062723c751e8b465ee728b)
Start importing Assets/Scenes/Desert.unity using Guid(267386bd5fff25646ad00089d4e1061e) Importer(815301076,1909f56bfc062723c751e8b465ee728b)  -> (artifact id: 'a38cf43f1a69fc848cc97217d16df8f5') in 0.018299 seconds
  Import took 0.026640 seconds .

========================================================================
Received Prepare
Registering precompiled user dll's ...
Registered in 0.001301 seconds.
Begin MonoManager ReloadAssembly
Native extension for WindowsStandalone target not found
Native extension for WebGL target not found
Refreshing native plugins compatible for Editor in 0.34 ms, found 0 plugins.
Preloading 0 native plugins for Editor in 0.00 ms.
Mono: successfully reloaded assembly
- Completed reload, in  1.220 seconds
Platform modules already initialized, skipping
Refreshing native plugins compatible for Editor in 0.37 ms, found 0 plugins.
Preloading 0 native plugins for Editor in 0.00 ms.
Unloading 1261 Unused Serialized files (Serialized files now loaded: 0)
System memory in use before: 68.8 MB.
System memory in use after: 68.9 MB.

Unloading 4 unused Assets to reduce memory usage. Loaded Objects now: 1841.
Total: 3.231700 ms (FindLiveObjects: 0.298200 ms CreateObjectMapping: 0.071200 ms MarkObjects: 2.837200 ms  DeleteObjects: 0.022600 ms)

========================================================================
Received Import Request.
  Time since last request: 25.721113 seconds.
  path: Assets/Scenes/Forest.unity
  artifactKey: Guid(9fc0d4010bbf28b4594072e72b8655ab) Importer(815301076,1909f56bfc062723c751e8b465ee728b)
Start importing Assets/Scenes/Forest.unity using Guid(9fc0d4010bbf28b4594072e72b8655ab) Importer(815301076,1909f56bfc062723c751e8b465ee728b)  -> (artifact id: 'd9ab7db1081826dfb720c564726ce83a') in 0.019501 seconds
  Import took 0.028565 seconds .

========================================================================
Received Prepare
Registering precompiled user dll's ...
Registered in 0.001325 seconds.
Begin MonoManager ReloadAssembly
Native extension for WindowsStandalone target not found
Native extension for WebGL target not found
Refreshing native plugins compatible for Editor in 0.37 ms, found 0 plugins.
Preloading 0 native plugins for Editor in 0.00 ms.
Mono: successfully reloaded assembly
- Completed reload, in  1.246 seconds
Platform modules already initialized, skipping
Refreshing native plugins compatible for Editor in 0.37 ms, found 0 plugins.
Preloading 0 native plugins for Editor in 0.00 ms.
Unloading 1261 Unused Serialized files (Serialized files now loaded: 0)
System memory in use before: 68.8 MB.
System memory in use after: 68.9 MB.

Unloading 4 unused Assets to reduce memory usage. Loaded Objects now: 1844.
Total: 3.324800 ms (FindLiveObjects: 0.323400 ms CreateObjectMapping: 0.104100 ms MarkObjects: 2.873200 ms  DeleteObjects: 0.022400 ms)

========================================================================
Received Prepare
Registering precompiled user dll's ...
Registered in 0.001871 seconds.
Begin MonoManager ReloadAssembly
Native extension for WindowsStandalone target not found
Native extension for WebGL target not found
Refreshing native plugins compatible for Editor in 0.91 ms, found 0 plugins.
Preloading 0 native plugins for Editor in 0.00 ms.
Mono: successfully reloaded assembly
- Completed reload, in  1.636 seconds
Platform modules already initialized, skipping
Refreshing native plugins compatible for Editor in 0.38 ms, found 0 plugins.
Preloading 0 native plugins for Editor in 0.00 ms.
Unloading 1261 Unused Serialized files (Serialized files now loaded: 0)
System memory in use before: 68.8 MB.
System memory in use after: 68.9 MB.

Unloading 4 unused Assets to reduce memory usage. Loaded Objects now: 1847.
Total: 2.831800 ms (FindLiveObjects: 0.311100 ms CreateObjectMapping: 0.076800 ms MarkObjects: 2.420000 ms  DeleteObjects: 0.021400 ms)

========================================================================
Received Import Request.
  Time since last request: 90.446958 seconds.
  path: Assets/Scenes/Desert.unity
  artifactKey: Guid(267386bd5fff25646ad00089d4e1061e) Importer(815301076,1909f56bfc062723c751e8b465ee728b)
Start importing Assets/Scenes/Desert.unity using Guid(267386bd5fff25646ad00089d4e1061e) Importer(815301076,1909f56bfc062723c751e8b465ee728b)  -> (artifact id: 'd5a1dc936b19fd7c32cb962f9c6a986f') in 0.016640 seconds
  Import took 0.025118 seconds .

========================================================================
Received Import Request.
  Time since last request: 161.269439 seconds.
  path: Assets/Scenes/Icy.unity
  artifactKey: Guid(644a338f91cacca4c9bed9798fd04dc5) Importer(815301076,1909f56bfc062723c751e8b465ee728b)
Start importing Assets/Scenes/Icy.unity using Guid(644a338f91cacca4c9bed9798fd04dc5) Importer(815301076,1909f56bfc062723c751e8b465ee728b)  -> (artifact id: '3ffe6bd1ba9c2fc1c51a6f8e40b358be') in 0.005997 seconds
  Import took 0.014105 seconds .

========================================================================
Received Import Request.
  Time since last request: 0.008441 seconds.
  path: Assets/Scenes/Icy.unity
  artifactKey: Guid(644a338f91cacca4c9bed9798fd04dc5) Importer(815301076,1909f56bfc062723c751e8b465ee728b)
Start importing Assets/Scenes/Icy.unity using Guid(644a338f91cacca4c9bed9798fd04dc5) Importer(815301076,1909f56bfc062723c751e8b465ee728b)  -> (artifact id: '3ffe6bd1ba9c2fc1c51a6f8e40b358be') in 0.004947 seconds
  Import took 0.011858 seconds .

========================================================================
Received Prepare
Registering precompiled user dll's ...
Registered in 0.001231 seconds.
Begin MonoManager ReloadAssembly
Native extension for WindowsStandalone target not found
Native extension for WebGL target not found
Refreshing native plugins compatible for Editor in 0.50 ms, found 0 plugins.
Preloading 0 native plugins for Editor in 0.00 ms.
Mono: successfully reloaded assembly
- Completed reload, in  1.272 seconds
Platform modules already initialized, skipping
Refreshing native plugins compatible for Editor in 0.36 ms, found 0 plugins.
Preloading 0 native plugins for Editor in 0.00 ms.
Unloading 1261 Unused Serialized files (Serialized files now loaded: 0)
System memory in use before: 68.9 MB.
System memory in use after: 69.0 MB.

Unloading 4 unused Assets to reduce memory usage. Loaded Objects now: 1850.
Total: 2.874400 ms (FindLiveObjects: 0.295600 ms CreateObjectMapping: 0.086700 ms MarkObjects: 2.464800 ms  DeleteObjects: 0.025700 ms)

========================================================================
Received Prepare
Registering precompiled user dll's ...
Registered in 0.001403 seconds.
Begin MonoManager ReloadAssembly
Native extension for WindowsStandalone target not found
Native extension for WebGL target not found
Refreshing native plugins compatible for Editor in 0.36 ms, found 0 plugins.
Preloading 0 native plugins for Editor in 0.00 ms.
Mono: successfully reloaded assembly
- Completed reload, in  1.318 seconds
Platform modules already initialized, skipping
Refreshing native plugins compatible for Editor in 0.40 ms, found 0 plugins.
Preloading 0 native plugins for Editor in 0.00 ms.
Unloading 1261 Unused Serialized files (Serialized files now loaded: 0)
System memory in use before: 68.9 MB.
System memory in use after: 69.0 MB.

Unloading 4 unused Assets to reduce memory usage. Loaded Objects now: 1853.
Total: 3.467200 ms (FindLiveObjects: 0.361500 ms CreateObjectMapping: 0.127500 ms MarkObjects: 2.952500 ms  DeleteObjects: 0.023900 ms)

========================================================================
Received Prepare
Registering precompiled user dll's ...
Registered in 0.001758 seconds.
Begin MonoManager ReloadAssembly
Native extension for WindowsStandalone target not found
Native extension for WebGL target not found
Refreshing native plugins compatible for Editor in 0.37 ms, found 0 plugins.
Preloading 0 native plugins for Editor in 0.00 ms.
Mono: successfully reloaded assembly
- Completed reload, in  1.240 seconds
Platform modules already initialized, skipping
Refreshing native plugins compatible for Editor in 0.37 ms, found 0 plugins.
Preloading 0 native plugins for Editor in 0.00 ms.
Unloading 1261 Unused Serialized files (Serialized files now loaded: 0)
System memory in use before: 68.9 MB.
System memory in use after: 69.0 MB.

Unloading 4 unused Assets to reduce memory usage. Loaded Objects now: 1856.
Total: 3.760000 ms (FindLiveObjects: 0.468600 ms CreateObjectMapping: 0.132900 ms MarkObjects: 3.134500 ms  DeleteObjects: 0.021600 ms)

========================================================================
Received Prepare
Registering precompiled user dll's ...
Registered in 0.001517 seconds.
Begin MonoManager ReloadAssembly
Native extension for WindowsStandalone target not found
Native extension for WebGL target not found
Refreshing native plugins compatible for Editor in 0.58 ms, found 0 plugins.
Preloading 0 native plugins for Editor in 0.00 ms.
Mono: successfully reloaded assembly
- Completed reload, in  1.172 seconds
Platform modules already initialized, skipping
Refreshing native plugins compatible for Editor in 0.62 ms, found 0 plugins.
Preloading 0 native plugins for Editor in 0.00 ms.
Unloading 1261 Unused Serialized files (Serialized files now loaded: 0)
System memory in use before: 68.9 MB.
System memory in use after: 69.0 MB.

Unloading 4 unused Assets to reduce memory usage. Loaded Objects now: 1859.
Total: 2.905500 ms (FindLiveObjects: 0.263500 ms CreateObjectMapping: 0.058400 ms MarkObjects: 2.560000 ms  DeleteObjects: 0.021500 ms)

========================================================================
Received Import Request.
  Time since last request: 253.414872 seconds.
  path: Assets/Scenes/Desert.unity
  artifactKey: Guid(267386bd5fff25646ad00089d4e1061e) Importer(815301076,1909f56bfc062723c751e8b465ee728b)
Start importing Assets/Scenes/Desert.unity using Guid(267386bd5fff25646ad00089d4e1061e) Importer(815301076,1909f56bfc062723c751e8b465ee728b)  -> (artifact id: 'e1eafd2ff2f1668e4baacc50d79f571e') in 0.016753 seconds
  Import took 0.025769 seconds .

========================================================================
Received Prepare
Registering precompiled user dll's ...
Registered in 0.001166 seconds.
Begin MonoManager ReloadAssembly
Native extension for WindowsStandalone target not found
Native extension for WebGL target not found
Refreshing native plugins compatible for Editor in 0.39 ms, found 0 plugins.
Preloading 0 native plugins for Editor in 0.00 ms.
Mono: successfully reloaded assembly
- Completed reload, in  1.268 seconds
Platform modules already initialized, skipping
Refreshing native plugins compatible for Editor in 0.39 ms, found 0 plugins.
Preloading 0 native plugins for Editor in 0.00 ms.
Unloading 1261 Unused Serialized files (Serialized files now loaded: 0)
System memory in use before: 68.9 MB.
System memory in use after: 69.0 MB.

Unloading 4 unused Assets to reduce memory usage. Loaded Objects now: 1862.
Total: 3.313900 ms (FindLiveObjects: 0.320400 ms CreateObjectMapping: 0.088300 ms MarkObjects: 2.879800 ms  DeleteObjects: 0.023600 ms)

========================================================================
Received Import Request.
  Time since last request: 13.494299 seconds.
  path: Assets/Scenes/Icy.unity
  artifactKey: Guid(644a338f91cacca4c9bed9798fd04dc5) Importer(815301076,1909f56bfc062723c751e8b465ee728b)
Start importing Assets/Scenes/Icy.unity using Guid(644a338f91cacca4c9bed9798fd04dc5) Importer(815301076,1909f56bfc062723c751e8b465ee728b)  -> (artifact id: '03674b86670b0348415a65c459bd1cb5') in 0.016273 seconds
  Import took 0.022315 seconds .

========================================================================
Received Import Request.
  Time since last request: 181.200320 seconds.
  path: Assets/Scenes/Forest.unity
  artifactKey: Guid(9fc0d4010bbf28b4594072e72b8655ab) Importer(815301076,1909f56bfc062723c751e8b465ee728b)
Start importing Assets/Scenes/Forest.unity using Guid(9fc0d4010bbf28b4594072e72b8655ab) Importer(815301076,1909f56bfc062723c751e8b465ee728b)  -> (artifact id: 'fa803d4d294254eb963005e1a9c03784') in 0.006558 seconds
  Import took 0.012638 seconds .

========================================================================
Received Prepare
Registering precompiled user dll's ...
Registered in 0.001351 seconds.
Begin MonoManager ReloadAssembly
Native extension for WindowsStandalone target not found
Native extension for WebGL target not found
Refreshing native plugins compatible for Editor in 0.41 ms, found 0 plugins.
Preloading 0 native plugins for Editor in 0.00 ms.
Mono: successfully reloaded assembly
- Completed reload, in  1.219 seconds
Platform modules already initialized, skipping
Refreshing native plugins compatible for Editor in 0.38 ms, found 0 plugins.
Preloading 0 native plugins for Editor in 0.00 ms.
Unloading 1261 Unused Serialized files (Serialized files now loaded: 0)
System memory in use before: 68.9 MB.
System memory in use after: 69.0 MB.

Unloading 4 unused Assets to reduce memory usage. Loaded Objects now: 1865.
Total: 3.463100 ms (FindLiveObjects: 0.268600 ms CreateObjectMapping: 0.071600 ms MarkObjects: 3.098600 ms  DeleteObjects: 0.022200 ms)

========================================================================
Received Prepare
Registering precompiled user dll's ...
Registered in 0.001161 seconds.
Begin MonoManager ReloadAssembly
Native extension for WindowsStandalone target not found
Native extension for WebGL target not found
Refreshing native plugins compatible for Editor in 0.54 ms, found 0 plugins.
Preloading 0 native plugins for Editor in 0.00 ms.
Mono: successfully reloaded assembly
- Completed reload, in  1.295 seconds
Platform modules already initialized, skipping
Refreshing native plugins compatible for Editor in 0.35 ms, found 0 plugins.
Preloading 0 native plugins for Editor in 0.00 ms.
Unloading 1261 Unused Serialized files (Serialized files now loaded: 0)
System memory in use before: 68.9 MB.
System memory in use after: 69.0 MB.

Unloading 4 unused Assets to reduce memory usage. Loaded Objects now: 1868.
Total: 4.026000 ms (FindLiveObjects: 0.835700 ms CreateObjectMapping: 0.308000 ms MarkObjects: 2.854500 ms  DeleteObjects: 0.025500 ms)

========================================================================
Received Prepare
Registering precompiled user dll's ...
Registered in 0.001554 seconds.
Begin MonoManager ReloadAssembly
Native extension for WindowsStandalone target not found
Native extension for WebGL target not found
Refreshing native plugins compatible for Editor in 0.36 ms, found 0 plugins.
Preloading 0 native plugins for Editor in 0.00 ms.
Mono: successfully reloaded assembly
- Completed reload, in  1.239 seconds
Platform modules already initialized, skipping
Refreshing native plugins compatible for Editor in 0.38 ms, found 0 plugins.
Preloading 0 native plugins for Editor in 0.00 ms.
Unloading 1261 Unused Serialized files (Serialized files now loaded: 0)
System memory in use before: 68.9 MB.
System memory in use after: 69.0 MB.

Unloading 4 unused Assets to reduce memory usage. Loaded Objects now: 1871.
Total: 3.257500 ms (FindLiveObjects: 0.288700 ms CreateObjectMapping: 0.071300 ms MarkObjects: 2.873100 ms  DeleteObjects: 0.021400 ms)

========================================================================
Received Prepare
Registering precompiled user dll's ...
Registered in 0.001537 seconds.
Begin MonoManager ReloadAssembly
Native extension for WindowsStandalone target not found
Native extension for WebGL target not found
Refreshing native plugins compatible for Editor in 0.40 ms, found 0 plugins.
Preloading 0 native plugins for Editor in 0.00 ms.
Mono: successfully reloaded assembly
- Completed reload, in  1.276 seconds
Platform modules already initialized, skipping
Refreshing native plugins compatible for Editor in 0.37 ms, found 0 plugins.
Preloading 0 native plugins for Editor in 0.00 ms.
Unloading 1261 Unused Serialized files (Serialized files now loaded: 0)
System memory in use before: 68.9 MB.
System memory in use after: 69.0 MB.

Unloading 4 unused Assets to reduce memory usage. Loaded Objects now: 1874.
Total: 3.555800 ms (FindLiveObjects: 0.289800 ms CreateObjectMapping: 0.073800 ms MarkObjects: 3.165600 ms  DeleteObjects: 0.024300 ms)

========================================================================
Received Import Request.
  Time since last request: 364.295736 seconds.
  path: Assets/Scenes/Desert.unity
  artifactKey: Guid(267386bd5fff25646ad00089d4e1061e) Importer(815301076,1909f56bfc062723c751e8b465ee728b)
Start importing Assets/Scenes/Desert.unity using Guid(267386bd5fff25646ad00089d4e1061e) Importer(815301076,1909f56bfc062723c751e8b465ee728b)  -> (artifact id: '838615b91a77da8ca683636236156edb') in 0.021159 seconds
  Import took 0.026392 seconds .

========================================================================
Received Prepare
Registering precompiled user dll's ...
Registered in 0.001210 seconds.
Begin MonoManager ReloadAssembly
Native extension for WindowsStandalone target not found
Native extension for WebGL target not found
Refreshing native plugins compatible for Editor in 0.40 ms, found 0 plugins.
Preloading 0 native plugins for Editor in 0.00 ms.
Mono: successfully reloaded assembly
- Completed reload, in  1.236 seconds
Platform modules already initialized, skipping
Refreshing native plugins compatible for Editor in 0.36 ms, found 0 plugins.
Preloading 0 native plugins for Editor in 0.00 ms.
Unloading 1261 Unused Serialized files (Serialized files now loaded: 0)
System memory in use before: 68.9 MB.
System memory in use after: 69.0 MB.

Unloading 4 unused Assets to reduce memory usage. Loaded Objects now: 1877.
Total: 2.822600 ms (FindLiveObjects: 0.289200 ms CreateObjectMapping: 0.055400 ms MarkObjects: 2.456400 ms  DeleteObjects: 0.019800 ms)

========================================================================
Received Import Request.
  Time since last request: 103.881956 seconds.
  path: Assets/Scenes/Icy.unity
  artifactKey: Guid(644a338f91cacca4c9bed9798fd04dc5) Importer(815301076,1909f56bfc062723c751e8b465ee728b)
Start importing Assets/Scenes/Icy.unity using Guid(644a338f91cacca4c9bed9798fd04dc5) Importer(815301076,1909f56bfc062723c751e8b465ee728b)  -> (artifact id: '14e1fb1b23eac14c76cd8d612aa1fe7f') in 0.017672 seconds
  Import took 0.023076 seconds .

========================================================================
Received Import Request.
  Time since last request: 0.002838 seconds.
  path: Assets/Scenes/Icy.unity
  artifactKey: Guid(644a338f91cacca4c9bed9798fd04dc5) Importer(815301076,1909f56bfc062723c751e8b465ee728b)
Start importing Assets/Scenes/Icy.unity using Guid(644a338f91cacca4c9bed9798fd04dc5) Importer(815301076,1909f56bfc062723c751e8b465ee728b)  -> (artifact id: '14e1fb1b23eac14c76cd8d612aa1fe7f') in 0.025573 seconds
  Import took 0.029463 seconds .

========================================================================
Received Prepare
Registering precompiled user dll's ...
Registered in 0.001424 seconds.
Begin MonoManager ReloadAssembly
Native extension for WindowsStandalone target not found
Native extension for WebGL target not found
Refreshing native plugins compatible for Editor in 0.42 ms, found 0 plugins.
Preloading 0 native plugins for Editor in 0.00 ms.
Mono: successfully reloaded assembly
- Completed reload, in  1.248 seconds
Platform modules already initialized, skipping
Refreshing native plugins compatible for Editor in 0.42 ms, found 0 plugins.
Preloading 0 native plugins for Editor in 0.00 ms.
Unloading 1261 Unused Serialized files (Serialized files now loaded: 0)
System memory in use before: 68.9 MB.
System memory in use after: 69.0 MB.

Unloading 4 unused Assets to reduce memory usage. Loaded Objects now: 1880.
Total: 4.644100 ms (FindLiveObjects: 0.433600 ms CreateObjectMapping: 0.164100 ms MarkObjects: 4.012700 ms  DeleteObjects: 0.030900 ms)

========================================================================
Received Prepare
Registering precompiled user dll's ...
Registered in 0.001325 seconds.
Begin MonoManager ReloadAssembly
Native extension for WindowsStandalone target not found
Native extension for WebGL target not found
Refreshing native plugins compatible for Editor in 0.34 ms, found 0 plugins.
Preloading 0 native plugins for Editor in 0.00 ms.
Mono: successfully reloaded assembly
- Completed reload, in  1.241 seconds
Platform modules already initialized, skipping
Refreshing native plugins compatible for Editor in 0.37 ms, found 0 plugins.
Preloading 0 native plugins for Editor in 0.00 ms.
Unloading 1261 Unused Serialized files (Serialized files now loaded: 0)
System memory in use before: 68.9 MB.
System memory in use after: 69.1 MB.

Unloading 4 unused Assets to reduce memory usage. Loaded Objects now: 1883.
Total: 4.022700 ms (FindLiveObjects: 0.605300 ms CreateObjectMapping: 0.118000 ms MarkObjects: 3.272700 ms  DeleteObjects: 0.022600 ms)

AssetImportWorkerClient::OnTransportError - code=2 error=End of file
